d:\smx-master\sm2\windows\sm2\x64\debug\vc143.pdb
d:\smx-master\sm2\windows\sm2\x64\debug\vc143.idb
d:\smx-master\sm2\windows\sm2\x64\debug\xy_ecpoint.obj
d:\smx-master\sm2\windows\sm2\x64\debug\sm2_ec_key.obj
d:\smx-master\sm2\windows\sm2\x64\debug\sm2.obj
d:\smx-master\sm2\windows\sm2\x64\debug\part4.obj
d:\smx-master\sm2\windows\sm2\x64\debug\part3.obj
d:\smx-master\sm2\windows\sm2\x64\debug\part2.obj
d:\smx-master\sm2\windows\sm2\x64\debug\part1.obj
d:\smx-master\sm2\windows\sm2\x64\debug\util.obj
d:\smx-master\sm2\windows\sm2\x64\debug\sm3.obj
d:\smx-master\sm2\windows\sm2\x64\debug\sm2_test_param.obj
d:\smx-master\sm2\windows\sm2\x64\debug\ec_param.obj
d:\smx-master\sm2\windows\x64\debug\sm2.pdb
d:\smx-master\sm2\windows\sm2\x64\debug\sm2.tlog\cl.command.1.tlog
d:\smx-master\sm2\windows\sm2\x64\debug\sm2.tlog\cl.read.1.tlog
d:\smx-master\sm2\windows\sm2\x64\debug\sm2.tlog\cl.write.1.tlog
d:\smx-master\sm2\windows\sm2\x64\debug\sm2.tlog\link-cvtres.read.1.tlog
d:\smx-master\sm2\windows\sm2\x64\debug\sm2.tlog\link-cvtres.write.1.tlog
d:\smx-master\sm2\windows\sm2\x64\debug\sm2.tlog\link-rc.read.1.tlog
d:\smx-master\sm2\windows\sm2\x64\debug\sm2.tlog\link-rc.write.1.tlog
d:\smx-master\sm2\windows\sm2\x64\debug\sm2.tlog\link.command.1.tlog
d:\smx-master\sm2\windows\sm2\x64\debug\sm2.tlog\link.read.1.tlog
d:\smx-master\sm2\windows\sm2\x64\debug\sm2.tlog\link.read.2.tlog
d:\smx-master\sm2\windows\sm2\x64\debug\sm2.tlog\link.read.3.tlog
d:\smx-master\sm2\windows\sm2\x64\debug\sm2.tlog\link.read.4.tlog
d:\smx-master\sm2\windows\sm2\x64\debug\sm2.tlog\link.write.1.tlog
